Command: /home/ICer/ic_prjs/uvm/ch6/section6.7/6.7.3/rsp_handler/./simv -l sim.log +UVM_VERDI_TRACE=UVM_AWARE+HIER+RAL+COMPWAVE +UVM_TESTNAME=my_case0
Chronologic VCS simulator copyright 1991-2018
Contains Synopsys proprietary information.
Compiler version O-2018.09-1_Full64; Runtime version O-2018.09-1_Full64;  Aug 20 19:06 2024
UVM_INFO /home/synopsys/vcs-mx/O-2018.09-1/etc/uvm-1.2/base/uvm_root.svh(402) @ 0: reporter [UVM/RELNOTES] 
----------------------------------------------------------------
UVM-1.2.Synopsys
(C) 2007-2014 Mentor Graphics Corporation
(C) 2007-2014 Cadence Design Systems, Inc.
(C) 2006-2014 Synopsys, Inc.
(C) 2011-2013 Cypress Semiconductor Corp.
(C) 2013-2014 NVIDIA Corporation
----------------------------------------------------------------

  ***********       IMPORTANT RELEASE NOTES         ************

  You are using a version of the UVM library that has been compiled
  with `UVM_NO_DEPRECATED undefined.
  See http://www.eda.org/svdb/view.php?id=3313 for more details.

  You are using a version of the UVM library that has been compiled
  with `UVM_OBJECT_DO_NOT_NEED_CONSTRUCTOR undefined.
  See http://www.eda.org/svdb/view.php?id=3770 for more details.

      (Specify +UVM_NO_RELNOTES to turn off this notice)

*Verdi* Enable Verdi Message Catcher.
*Verdi* Loading libsscore_vcs201809.so
FSDB Dumper for VCS, Release Verdi_O-2018.09-SP2, Linux x86_64/64bit, 02/21/2019
(C) 1996 - 2019 by Synopsys, Inc.
*Verdi* FSDB WARNING: The FSDB file already exists. Overwriting the FSDB file may crash the programs that are using this file.
*Verdi* : Create FSDB file 'novas.fsdb'
*Verdi* : Begin dumping the Class Object by file (/home/synopsys/vcs-mx/O-2018.09-1/etc/uvm-1.2/verdi/component.config).
*Verdi* : End of class object dumping.
*Verdi* Enable Verdi Factory Dumping.
UVM_INFO @ 0: reporter [RNTST] Running test my_case0...
UVM_INFO my_case0.sv(18) @ 235100000: uvm_test_top.env.i_agt.sqr@@case0_sequence [seq] get one response
----------------------------------------------
Name               Type            Size  Value
----------------------------------------------
uvm_sequence_item  my_transaction  -     @1422
  dmac             integral        48    'h0  
  smac             integral        48    'h0  
  ether_type       integral        16    'h0  
  pload            da(integral)    0     -    
  crc              integral        32    'h0  
----------------------------------------------
UVM_INFO my_scoreboard.sv(40) @ 235500000: uvm_test_top.env.scb [my_scoreboard] Compare SUCCESSFULLY
UVM_INFO my_case0.sv(18) @ 497500000: uvm_test_top.env.i_agt.sqr@@case0_sequence [seq] get one response
----------------------------------------------
Name               Type            Size  Value
----------------------------------------------
uvm_sequence_item  my_transaction  -     @1447
  dmac             integral        48    'h0  
  smac             integral        48    'h0  
  ether_type       integral        16    'h0  
  pload            da(integral)    0     -    
  crc              integral        32    'h0  
----------------------------------------------
UVM_INFO my_scoreboard.sv(40) @ 497900000: uvm_test_top.env.scb [my_scoreboard] Compare SUCCESSFULLY
UVM_INFO my_case0.sv(18) @ 621500000: uvm_test_top.env.i_agt.sqr@@case0_sequence [seq] get one response
----------------------------------------------
Name               Type            Size  Value
----------------------------------------------
uvm_sequence_item  my_transaction  -     @1471
  dmac             integral        48    'h0  
  smac             integral        48    'h0  
  ether_type       integral        16    'h0  
  pload            da(integral)    0     -    
  crc              integral        32    'h0  
----------------------------------------------
UVM_INFO my_scoreboard.sv(40) @ 621900000: uvm_test_top.env.scb [my_scoreboard] Compare SUCCESSFULLY
UVM_INFO my_case0.sv(18) @ 874900000: uvm_test_top.env.i_agt.sqr@@case0_sequence [seq] get one response
----------------------------------------------
Name               Type            Size  Value
----------------------------------------------
uvm_sequence_item  my_transaction  -     @1495
  dmac             integral        48    'h0  
  smac             integral        48    'h0  
  ether_type       integral        16    'h0  
  pload            da(integral)    0     -    
  crc              integral        32    'h0  
----------------------------------------------
UVM_INFO my_scoreboard.sv(40) @ 875300000: uvm_test_top.env.scb [my_scoreboard] Compare SUCCESSFULLY
UVM_INFO my_case0.sv(18) @ 1168900000: uvm_test_top.env.i_agt.sqr@@case0_sequence [seq] get one response
----------------------------------------------
Name               Type            Size  Value
----------------------------------------------
uvm_sequence_item  my_transaction  -     @1519
  dmac             integral        48    'h0  
  smac             integral        48    'h0  
  ether_type       integral        16    'h0  
  pload            da(integral)    0     -    
  crc              integral        32    'h0  
----------------------------------------------
UVM_INFO my_scoreboard.sv(40) @ 1169300000: uvm_test_top.env.scb [my_scoreboard] Compare SUCCESSFULLY
UVM_INFO my_case0.sv(18) @ 1303300000: uvm_test_top.env.i_agt.sqr@@case0_sequence [seq] get one response
----------------------------------------------
Name               Type            Size  Value
----------------------------------------------
uvm_sequence_item  my_transaction  -     @1543
  dmac             integral        48    'h0  
  smac             integral        48    'h0  
  ether_type       integral        16    'h0  
  pload            da(integral)    0     -    
  crc              integral        32    'h0  
----------------------------------------------
UVM_INFO my_scoreboard.sv(40) @ 1303700000: uvm_test_top.env.scb [my_scoreboard] Compare SUCCESSFULLY
UVM_INFO my_case0.sv(18) @ 1591300000: uvm_test_top.env.i_agt.sqr@@case0_sequence [seq] get one response
----------------------------------------------
Name               Type            Size  Value
----------------------------------------------
uvm_sequence_item  my_transaction  -     @1567
  dmac             integral        48    'h0  
  smac             integral        48    'h0  
  ether_type       integral        16    'h0  
  pload            da(integral)    0     -    
  crc              integral        32    'h0  
----------------------------------------------
UVM_INFO my_scoreboard.sv(40) @ 1591700000: uvm_test_top.env.scb [my_scoreboard] Compare SUCCESSFULLY
UVM_INFO my_case0.sv(18) @ 1825900000: uvm_test_top.env.i_agt.sqr@@case0_sequence [seq] get one response
----------------------------------------------
Name               Type            Size  Value
----------------------------------------------
uvm_sequence_item  my_transaction  -     @1591
  dmac             integral        48    'h0  
  smac             integral        48    'h0  
  ether_type       integral        16    'h0  
  pload            da(integral)    0     -    
  crc              integral        32    'h0  
----------------------------------------------
UVM_INFO my_scoreboard.sv(40) @ 1826300000: uvm_test_top.env.scb [my_scoreboard] Compare SUCCESSFULLY
UVM_INFO my_case0.sv(18) @ 1978700000: uvm_test_top.env.i_agt.sqr@@case0_sequence [seq] get one response
----------------------------------------------
Name               Type            Size  Value
----------------------------------------------
uvm_sequence_item  my_transaction  -     @1615
  dmac             integral        48    'h0  
  smac             integral        48    'h0  
  ether_type       integral        16    'h0  
  pload            da(integral)    0     -    
  crc              integral        32    'h0  
----------------------------------------------
UVM_INFO my_scoreboard.sv(40) @ 1979100000: uvm_test_top.env.scb [my_scoreboard] Compare SUCCESSFULLY
UVM_INFO my_case0.sv(18) @ 2082500000: uvm_test_top.env.i_agt.sqr@@case0_sequence [seq] get one response
----------------------------------------------
Name               Type            Size  Value
----------------------------------------------
uvm_sequence_item  my_transaction  -     @1639
  dmac             integral        48    'h0  
  smac             integral        48    'h0  
  ether_type       integral        16    'h0  
  pload            da(integral)    0     -    
  crc              integral        32    'h0  
----------------------------------------------
TEST CASE PASSED
UVM_INFO /home/synopsys/vcs-mx/O-2018.09-1/etc/uvm-1.2/base/uvm_report_catcher.svh(705) @ 2082600000: reporter [UVM/REPORT/CATCHER] 
--- UVM Report catcher Summary ---


Number of demoted UVM_FATAL reports  :    0
Number of demoted UVM_ERROR reports  :    0
Number of demoted UVM_WARNING reports:    0
Number of caught UVM_FATAL reports   :    0
Number of caught UVM_ERROR reports   :    0
Number of caught UVM_WARNING reports :    0

UVM_INFO /home/synopsys/vcs-mx/O-2018.09-1/etc/uvm-1.2/base/uvm_report_server.svh(894) @ 2082600000: reporter [UVM/REPORT/SERVER] 
--- UVM Report Summary ---

** Report counts by severity
UVM_INFO :   22
UVM_WARNING :    0
UVM_ERROR :    0
UVM_FATAL :    0
** Report counts by id
[RNTST]     1
[UVM/RELNOTES]     1
[UVM/REPORT/CATCHER]     1
[my_scoreboard]     9
[seq]    10

$finish called from file "/home/synopsys/vcs-mx/O-2018.09-1/etc/uvm-1.2/base/uvm_root.svh", line 527.
$finish at simulation time           2082600000
           V C S   S i m u l a t i o n   R e p o r t 
Time: 2082600000 ps
CPU Time:      0.570 seconds;       Data structure size:   0.5Mb
Tue Aug 20 19:06:43 2024
