Command: /home/ICer/ic_prjs/uvm/ch6/section6.6/6.6.3/component/./simv -l sim.log +UVM_VERDI_TRACE=UVM_AWARE+HIER+RAL+COMPWAVE +UVM_TESTNAME=my_case0
Chronologic VCS simulator copyright 1991-2018
Contains Synopsys proprietary information.
Compiler version O-2018.09-1_Full64; Runtime version O-2018.09-1_Full64;  Aug 20 17:36 2024
UVM_INFO /home/synopsys/vcs-mx/O-2018.09-1/etc/uvm-1.2/base/uvm_root.svh(402) @ 0: reporter [UVM/RELNOTES] 
----------------------------------------------------------------
UVM-1.2.Synopsys
(C) 2007-2014 Mentor Graphics Corporation
(C) 2007-2014 Cadence Design Systems, Inc.
(C) 2006-2014 Synopsys, Inc.
(C) 2011-2013 Cypress Semiconductor Corp.
(C) 2013-2014 NVIDIA Corporation
----------------------------------------------------------------

  ***********       IMPORTANT RELEASE NOTES         ************

  You are using a version of the UVM library that has been compiled
  with `UVM_NO_DEPRECATED undefined.
  See http://www.eda.org/svdb/view.php?id=3313 for more details.

  You are using a version of the UVM library that has been compiled
  with `UVM_OBJECT_DO_NOT_NEED_CONSTRUCTOR undefined.
  See http://www.eda.org/svdb/view.php?id=3770 for more details.

      (Specify +UVM_NO_RELNOTES to turn off this notice)

*Verdi* Enable Verdi Message Catcher.
*Verdi* Loading libsscore_vcs201809.so
FSDB Dumper for VCS, Release Verdi_O-2018.09-SP2, Linux x86_64/64bit, 02/21/2019
(C) 1996 - 2019 by Synopsys, Inc.
*Verdi* FSDB WARNING: The FSDB file already exists. Overwriting the FSDB file may crash the programs that are using this file.
*Verdi* : Create FSDB file 'novas.fsdb'
*Verdi* : Begin dumping the Class Object by file (/home/synopsys/vcs-mx/O-2018.09-1/etc/uvm-1.2/verdi/component.config).
*Verdi* : End of class object dumping.
*Verdi* Enable Verdi Factory Dumping.
UVM_INFO @ 0: reporter [RNTST] Running test my_case0...
UVM_INFO my_scoreboard.sv(34) @ 10000000: uvm_test_top.env0.scb [my_scoreboard] cmp_en value modified, the new value is 0
UVM_INFO my_scoreboard.sv(34) @ 20000000: uvm_test_top.env0.scb [my_scoreboard] cmp_en value modified, the new value is 1
UVM_INFO my_scoreboard.sv(46) @ 233700000: uvm_test_top.env0.scb [my_scoreboard] Compare SUCCESSFULLY
UVM_INFO my_scoreboard.sv(46) @ 259500000: uvm_test_top.env1.scb [my_scoreboard] Compare SUCCESSFULLY
UVM_INFO my_scoreboard.sv(46) @ 361900000: uvm_test_top.env1.scb [my_scoreboard] Compare SUCCESSFULLY
UVM_INFO my_scoreboard.sv(46) @ 489500000: uvm_test_top.env1.scb [my_scoreboard] Compare SUCCESSFULLY
UVM_INFO my_scoreboard.sv(46) @ 504700000: uvm_test_top.env0.scb [my_scoreboard] Compare SUCCESSFULLY
UVM_INFO my_scoreboard.sv(46) @ 651900000: uvm_test_top.env0.scb [my_scoreboard] Compare SUCCESSFULLY
UVM_INFO my_scoreboard.sv(46) @ 741700000: uvm_test_top.env1.scb [my_scoreboard] Compare SUCCESSFULLY
UVM_INFO my_scoreboard.sv(46) @ 843700000: uvm_test_top.env0.scb [my_scoreboard] Compare SUCCESSFULLY
UVM_INFO my_scoreboard.sv(46) @ 885900000: uvm_test_top.env1.scb [my_scoreboard] Compare SUCCESSFULLY
UVM_INFO my_scoreboard.sv(46) @ 937500000: uvm_test_top.env1.scb [my_scoreboard] Compare SUCCESSFULLY
UVM_INFO my_scoreboard.sv(46) @ 965300000: uvm_test_top.env0.scb [my_scoreboard] Compare SUCCESSFULLY
UVM_INFO my_scoreboard.sv(46) @ 1151900000: uvm_test_top.env1.scb [my_scoreboard] Compare SUCCESSFULLY
UVM_INFO my_scoreboard.sv(46) @ 1202100000: uvm_test_top.env1.scb [my_scoreboard] Compare SUCCESSFULLY
UVM_INFO my_scoreboard.sv(46) @ 1204700000: uvm_test_top.env0.scb [my_scoreboard] Compare SUCCESSFULLY
UVM_INFO my_scoreboard.sv(46) @ 1266900000: uvm_test_top.env1.scb [my_scoreboard] Compare SUCCESSFULLY
UVM_INFO my_scoreboard.sv(46) @ 1324900000: uvm_test_top.env0.scb [my_scoreboard] Compare SUCCESSFULLY
UVM_INFO my_scoreboard.sv(46) @ 1454300000: uvm_test_top.env0.scb [my_scoreboard] Compare SUCCESSFULLY
UVM_INFO my_scoreboard.sv(46) @ 1571300000: uvm_test_top.env1.scb [my_scoreboard] Compare SUCCESSFULLY
UVM_INFO my_scoreboard.sv(46) @ 1636100000: uvm_test_top.env0.scb [my_scoreboard] Compare SUCCESSFULLY
TEST CASE PASSED
UVM_INFO /home/synopsys/vcs-mx/O-2018.09-1/etc/uvm-1.2/base/uvm_report_catcher.svh(705) @ 1807800000: reporter [UVM/REPORT/CATCHER] 
--- UVM Report catcher Summary ---


Number of demoted UVM_FATAL reports  :    0
Number of demoted UVM_ERROR reports  :    0
Number of demoted UVM_WARNING reports:    0
Number of caught UVM_FATAL reports   :    0
Number of caught UVM_ERROR reports   :    0
Number of caught UVM_WARNING reports :    0

UVM_INFO /home/synopsys/vcs-mx/O-2018.09-1/etc/uvm-1.2/base/uvm_report_server.svh(894) @ 1807800000: reporter [UVM/REPORT/SERVER] 
--- UVM Report Summary ---

** Report counts by severity
UVM_INFO :   24
UVM_WARNING :    0
UVM_ERROR :    0
UVM_FATAL :    0
** Report counts by id
[RNTST]     1
[UVM/RELNOTES]     1
[UVM/REPORT/CATCHER]     1
[my_scoreboard]    21

$finish called from file "/home/synopsys/vcs-mx/O-2018.09-1/etc/uvm-1.2/base/uvm_root.svh", line 527.
$finish at simulation time           1807800000
           V C S   S i m u l a t i o n   R e p o r t 
Time: 1807800000 ps
CPU Time:      0.730 seconds;       Data structure size:   0.6Mb
Tue Aug 20 17:36:15 2024
