Command: /home/ICer/ic_prjs/uvm/ch6/section6.5/6.5.3/start/./simv -l sim.log +UVM_VERDI_TRACE=UVM_AWARE+HIER+RAL+COMPWAVE +UVM_TESTNAME=my_case0
Chronologic VCS simulator copyright 1991-2018
Contains Synopsys proprietary information.
Compiler version O-2018.09-1_Full64; Runtime version O-2018.09-1_Full64;  Aug 20 17:06 2024
UVM_INFO /home/synopsys/vcs-mx/O-2018.09-1/etc/uvm-1.2/base/uvm_root.svh(402) @ 0: reporter [UVM/RELNOTES] 
----------------------------------------------------------------
UVM-1.2.Synopsys
(C) 2007-2014 Mentor Graphics Corporation
(C) 2007-2014 Cadence Design Systems, Inc.
(C) 2006-2014 Synopsys, Inc.
(C) 2011-2013 Cypress Semiconductor Corp.
(C) 2013-2014 NVIDIA Corporation
----------------------------------------------------------------

  ***********       IMPORTANT RELEASE NOTES         ************

  You are using a version of the UVM library that has been compiled
  with `UVM_NO_DEPRECATED undefined.
  See http://www.eda.org/svdb/view.php?id=3313 for more details.

  You are using a version of the UVM library that has been compiled
  with `UVM_OBJECT_DO_NOT_NEED_CONSTRUCTOR undefined.
  See http://www.eda.org/svdb/view.php?id=3770 for more details.

      (Specify +UVM_NO_RELNOTES to turn off this notice)

*Verdi* Enable Verdi Message Catcher.
*Verdi* Loading libsscore_vcs201809.so
FSDB Dumper for VCS, Release Verdi_O-2018.09-SP2, Linux x86_64/64bit, 02/21/2019
(C) 1996 - 2019 by Synopsys, Inc.
*Verdi* FSDB WARNING: The FSDB file already exists. Overwriting the FSDB file may crash the programs that are using this file.
*Verdi* : Create FSDB file 'novas.fsdb'
*Verdi* : Begin dumping the Class Object by file (/home/synopsys/vcs-mx/O-2018.09-1/etc/uvm-1.2/verdi/component.config).
*Verdi* : End of class object dumping.
*Verdi* Enable Verdi Factory Dumping.
UVM_INFO @ 0: reporter [RNTST] Running test my_case0...
UVM_INFO my_case0.sv(54) @ 305500000: uvm_test_top.v_sqr@@case0_vseq [vseq] send one longest packet on p_sequencer.p_sqr0
UVM_INFO my_case0.sv(13) @ 305500000: uvm_test_top.env0.i_agt.sqr@@seq0 [read_file_seq] file name is data.txt
UVM_INFO my_scoreboard.sv(40) @ 305900000: uvm_test_top.env0.scb [my_scoreboard] Compare SUCCESSFULLY
UVM_INFO my_case0.sv(32) @ 460300000: uvm_test_top.env1.i_agt.sqr@@seq1 [drv1_seq] send one transaction
UVM_INFO my_scoreboard.sv(40) @ 460700000: uvm_test_top.env1.scb [my_scoreboard] Compare SUCCESSFULLY
UVM_INFO my_case0.sv(16) @ 501100000: uvm_test_top.env0.i_agt.sqr@@seq0 [read_file_seq] send one transaction
UVM_INFO my_scoreboard.sv(40) @ 501500000: uvm_test_top.env0.scb [my_scoreboard] Compare SUCCESSFULLY
UVM_INFO my_case0.sv(16) @ 546100000: uvm_test_top.env0.i_agt.sqr@@seq0 [read_file_seq] send one transaction
UVM_INFO my_scoreboard.sv(40) @ 546500000: uvm_test_top.env0.scb [my_scoreboard] Compare SUCCESSFULLY
UVM_INFO my_case0.sv(32) @ 576500000: uvm_test_top.env1.i_agt.sqr@@seq1 [drv1_seq] send one transaction
UVM_INFO my_scoreboard.sv(40) @ 576900000: uvm_test_top.env1.scb [my_scoreboard] Compare SUCCESSFULLY
UVM_INFO my_case0.sv(32) @ 619100000: uvm_test_top.env1.i_agt.sqr@@seq1 [drv1_seq] send one transaction
UVM_INFO my_scoreboard.sv(40) @ 619500000: uvm_test_top.env1.scb [my_scoreboard] Compare SUCCESSFULLY
UVM_INFO my_case0.sv(16) @ 825900000: uvm_test_top.env0.i_agt.sqr@@seq0 [read_file_seq] send one transaction
UVM_INFO my_scoreboard.sv(40) @ 826300000: uvm_test_top.env0.scb [my_scoreboard] Compare SUCCESSFULLY
UVM_INFO my_case0.sv(32) @ 862900000: uvm_test_top.env1.i_agt.sqr@@seq1 [drv1_seq] send one transaction
UVM_INFO my_scoreboard.sv(40) @ 863300000: uvm_test_top.env1.scb [my_scoreboard] Compare SUCCESSFULLY
UVM_INFO my_case0.sv(16) @ 1030500000: uvm_test_top.env0.i_agt.sqr@@seq0 [read_file_seq] send one transaction
UVM_INFO my_scoreboard.sv(40) @ 1030900000: uvm_test_top.env0.scb [my_scoreboard] Compare SUCCESSFULLY
UVM_INFO my_case0.sv(32) @ 1039300000: uvm_test_top.env1.i_agt.sqr@@seq1 [drv1_seq] send one transaction
UVM_INFO my_scoreboard.sv(40) @ 1039700000: uvm_test_top.env1.scb [my_scoreboard] Compare SUCCESSFULLY
UVM_INFO my_case0.sv(16) @ 1241100000: uvm_test_top.env0.i_agt.sqr@@seq0 [read_file_seq] send one transaction
UVM_INFO my_scoreboard.sv(40) @ 1241500000: uvm_test_top.env0.scb [my_scoreboard] Compare SUCCESSFULLY
UVM_INFO my_case0.sv(32) @ 1295100000: uvm_test_top.env1.i_agt.sqr@@seq1 [drv1_seq] send one transaction
UVM_INFO my_scoreboard.sv(40) @ 1295500000: uvm_test_top.env1.scb [my_scoreboard] Compare SUCCESSFULLY
UVM_INFO my_case0.sv(32) @ 1387500000: uvm_test_top.env1.i_agt.sqr@@seq1 [drv1_seq] send one transaction
UVM_INFO my_scoreboard.sv(40) @ 1387900000: uvm_test_top.env1.scb [my_scoreboard] Compare SUCCESSFULLY
UVM_INFO my_case0.sv(16) @ 1391300000: uvm_test_top.env0.i_agt.sqr@@seq0 [read_file_seq] send one transaction
UVM_INFO my_scoreboard.sv(40) @ 1391700000: uvm_test_top.env0.scb [my_scoreboard] Compare SUCCESSFULLY
UVM_INFO my_case0.sv(16) @ 1451700000: uvm_test_top.env0.i_agt.sqr@@seq0 [read_file_seq] send one transaction
UVM_INFO my_scoreboard.sv(40) @ 1452100000: uvm_test_top.env0.scb [my_scoreboard] Compare SUCCESSFULLY
UVM_INFO my_case0.sv(32) @ 1589700000: uvm_test_top.env1.i_agt.sqr@@seq1 [drv1_seq] send one transaction
UVM_INFO my_scoreboard.sv(40) @ 1590100000: uvm_test_top.env1.scb [my_scoreboard] Compare SUCCESSFULLY
UVM_INFO my_case0.sv(16) @ 1630700000: uvm_test_top.env0.i_agt.sqr@@seq0 [read_file_seq] send one transaction
UVM_INFO my_scoreboard.sv(40) @ 1631100000: uvm_test_top.env0.scb [my_scoreboard] Compare SUCCESSFULLY
UVM_INFO my_case0.sv(32) @ 1650100000: uvm_test_top.env1.i_agt.sqr@@seq1 [drv1_seq] send one transaction
UVM_INFO my_scoreboard.sv(40) @ 1650500000: uvm_test_top.env1.scb [my_scoreboard] Compare SUCCESSFULLY
UVM_INFO my_case0.sv(32) @ 1715500000: uvm_test_top.env1.i_agt.sqr@@seq1 [drv1_seq] send one transaction
UVM_INFO my_scoreboard.sv(40) @ 1715900000: uvm_test_top.env1.scb [my_scoreboard] Compare SUCCESSFULLY
UVM_INFO my_case0.sv(16) @ 1769700000: uvm_test_top.env0.i_agt.sqr@@seq0 [read_file_seq] send one transaction
UVM_INFO my_scoreboard.sv(40) @ 1770100000: uvm_test_top.env0.scb [my_scoreboard] Compare SUCCESSFULLY
UVM_INFO my_case0.sv(16) @ 1813100000: uvm_test_top.env0.i_agt.sqr@@seq0 [read_file_seq] send one transaction
TEST CASE PASSED
UVM_INFO /home/synopsys/vcs-mx/O-2018.09-1/etc/uvm-1.2/base/uvm_report_catcher.svh(705) @ 1813200000: reporter [UVM/REPORT/CATCHER] 
--- UVM Report catcher Summary ---


Number of demoted UVM_FATAL reports  :    0
Number of demoted UVM_ERROR reports  :    0
Number of demoted UVM_WARNING reports:    0
Number of caught UVM_FATAL reports   :    0
Number of caught UVM_ERROR reports   :    0
Number of caught UVM_WARNING reports :    0

UVM_INFO /home/synopsys/vcs-mx/O-2018.09-1/etc/uvm-1.2/base/uvm_report_server.svh(894) @ 1813200000: reporter [UVM/REPORT/SERVER] 
--- UVM Report Summary ---

** Report counts by severity
UVM_INFO :   45
UVM_WARNING :    0
UVM_ERROR :    0
UVM_FATAL :    0
** Report counts by id
[RNTST]     1
[UVM/RELNOTES]     1
[UVM/REPORT/CATCHER]     1
[drv1_seq]    10
[my_scoreboard]    20
[read_file_seq]    11
[vseq]     1

$finish called from file "/home/synopsys/vcs-mx/O-2018.09-1/etc/uvm-1.2/base/uvm_root.svh", line 527.
$finish at simulation time           1813200000
           V C S   S i m u l a t i o n   R e p o r t 
Time: 1813200000 ps
CPU Time:      0.900 seconds;       Data structure size:   0.6Mb
Tue Aug 20 17:06:54 2024
