#######################################################################################
# log primitive debug message of FSDB dumping                                         #
# This is for R&D to analyze when there are issues happening when FSDB dump           #
#######################################################################################
ANF: vcsd_get_serial_mode_status('./simv: undefined symbol: vcsd_get_serial_mode_status')
ANF: vcsd_enable_sva_success_callback('./simv: undefined symbol: vcsd_enable_sva_success_callback')
ANF: vcsd_disable_sva_success_callback('./simv: undefined symbol: vcsd_disable_sva_success_callback')
ANF: vcsd_get_thread_id('./simv: undefined symbol: vcsd_get_thread_id')
ANF: vcsd_get_power_scope_name('./simv: undefined symbol: vcsd_get_power_scope_name')
ANF: vcsd_begin_no_value_var_info('./simv: undefined symbol: vcsd_begin_no_value_var_info')
ANF: vcsd_end_no_value_var_info('./simv: undefined symbol: vcsd_end_no_value_var_info')
ANF: vcsd_remove_xprop_merge_mode_callback('./simv: undefined symbol: vcsd_remove_xprop_merge_mode_callback')
ANF: vcsd_node_check_native_callback('./simv: undefined symbol: vcsd_node_check_native_callback')
ANF: vcsd_node_add_native_callback('./simv: undefined symbol: vcsd_node_add_native_callback')
ANF: vcsdIsNativeVc('./simv: undefined symbol: vcsdIsNativeVc')
ANF: vhpi_get_cb_info('./simv: undefined symbol: vhpi_get_cb_info')
ANF: vhpi_free_handle('./simv: undefined symbol: vhpi_free_handle')
ANF: vhpi_fetch_vcsd_handle('./simv: undefined symbol: vhpi_fetch_vcsd_handle')
ANF: vhpi_fetch_vpi_handle('./simv: undefined symbol: vhpi_fetch_vpi_handle')
ANF: vhpi_has_verilog_parent('./simv: undefined symbol: vhpi_has_verilog_parent')
ANF: vhpi_is_verilog_scope('./simv: undefined symbol: vhpi_is_verilog_scope')
ANF: scsd_xprop_is_enabled('./simv: undefined symbol: scsd_xprop_is_enabled')
ANF: scsd_xprop_sig_is_promoted('./simv: undefined symbol: scsd_xprop_sig_is_promoted')
ANF: scsd_xprop_int_xvalue('./simv: undefined symbol: scsd_xprop_int_xvalue')
ANF: scsd_xprop_bool_xvalue('./simv: undefined symbol: scsd_xprop_bool_xvalue')
ANF: scsd_xprop_enum_xvalue('./simv: undefined symbol: scsd_xprop_enum_xvalue')
ANF: scsd_xprop_register_merge_mode_cb('./simv: undefined symbol: scsd_xprop_register_merge_mode_cb')
ANF: scsd_xprop_delete_merge_mode_cb('./simv: undefined symbol: scsd_xprop_delete_merge_mode_cb')
ANF: scsd_xprop_get_merge_mode('./simv: undefined symbol: scsd_xprop_get_merge_mode')
ANF: scsd_thread_get_info('./simv: undefined symbol: scsd_thread_get_info')
ANF: scsd_thread_vc_init('./simv: undefined symbol: scsd_thread_vc_init')
ANF: scsd_master_set_delta_sync_cbk('./simv: undefined symbol: scsd_master_set_delta_sync_cbk')
ANF: scsd_fgp_get_fsdb_cores('./simv: undefined symbol: scsd_fgp_get_fsdb_cores')
ANF: msvEnableDumpingMode('./simv: undefined symbol: msvEnableDumpingMode')
ANF: msvGetVersion('./simv: undefined symbol: msvGetVersion')
ANF: msvGetInstProp('./simv: undefined symbol: msvGetInstProp')
ANF: msvIsSpiceEngineReady('./simv: undefined symbol: msvIsSpiceEngineReady')
ANF: msvSetAddProbeCallback('./simv: undefined symbol: msvSetAddProbeCallback')
ANF: msvGetInstHandle('./simv: undefined symbol: msvGetInstHandle')
ANF: msvGetProbeByInst('./simv: undefined symbol: msvGetProbeByInst')
ANF: msvGetSigHandle('./simv: undefined symbol: msvGetSigHandle')
ANF: msvGetProbeBySig('./simv: undefined symbol: msvGetProbeBySig')
ANF: msvGetProbeInfo('./simv: undefined symbol: msvGetProbeInfo')
ANF: msvRelease('./simv: undefined symbol: msvRelease')
ANF: msvSetVcCallbackFunc('./simv: undefined symbol: msvSetVcCallbackFunc')
ANF: msvCheckVcCallback('./simv: undefined symbol: msvCheckVcCallback')
ANF: msvAddVcCallback('./simv: undefined symbol: msvAddVcCallback')
ANF: msvRemoveVcCallback('./simv: undefined symbol: msvRemoveVcCallback')
ANF: msvGetLatestValue('./simv: undefined symbol: msvGetLatestValue')
ANF: msvSetEndofSimCallback('./simv: undefined symbol: msvSetEndofSimCallback')
ANF: msvIgnoredProbe('./simv: undefined symbol: msvIgnoredProbe')
ANF: msvGetThruNetInfo('./simv: undefined symbol: msvGetThruNetInfo')
ANF: msvFreeThruNetInfo('./simv: undefined symbol: msvFreeThruNetInfo')
ANF: PI_ace_get_output_time_unit('./simv: undefined symbol: PI_ace_get_output_time_unit')
ANF: PI_ace_sim_sync('./simv: undefined symbol: PI_ace_sim_sync')
ANF: msvGetRereadInitFile('./simv: undefined symbol: msvGetRereadInitFile')
ANF: msvSetBeforeRereadCallback('./simv: undefined symbol: msvSetBeforeRereadCallback')
ANF: msvSetAfterRereadCallback('./simv: undefined symbol: msvSetAfterRereadCallback')
ANF: msvSetForceCallback('./simv: undefined symbol: msvSetForceCallback')
ANF: msvSetReleaseCallback('./simv: undefined symbol: msvSetReleaseCallback')
ANF: msvGetForceStatus('./simv: undefined symbol: msvGetForceStatus')
ANF: vdi_fn_trigger_native_init_force('./simv: undefined symbol: vdi_fn_trigger_native_init_force')
ANF: vdi_set_native_callback('./simv: undefined symbol: vdi_set_native_callback')
ANF: vdi_fn_check_native_callback('./simv: undefined symbol: vdi_fn_check_native_callback')
ANF: vdi_fn_add_native_callback('./simv: undefined symbol: vdi_fn_add_native_callback')
ANF: vhdi_dt_get_type('./simv: undefined symbol: vhdi_dt_get_type')
ANF: vhdi_dt_get_key('./simv: undefined symbol: vhdi_dt_get_key')
ANF: vhdi_dt_get_vhdl_enum_info('./simv: undefined symbol: vhdi_dt_get_vhdl_enum_info')
ANF: vhdi_dt_get_vhdl_physical_info('./simv: undefined symbol: vhdi_dt_get_vhdl_physical_info')
ANF: vhdi_dt_get_vhdl_array_info('./simv: undefined symbol: vhdi_dt_get_vhdl_array_info')
ANF: vhdi_dt_get_vhdl_record_info('./simv: undefined symbol: vhdi_dt_get_vhdl_record_info')
ANF: vhdi_def_traverse_module('./simv: undefined symbol: vhdi_def_traverse_module')
ANF: vhdi_def_traverse_scope('./simv: undefined symbol: vhdi_def_traverse_scope')
ANF: vhdi_def_traverse_variable('./simv: undefined symbol: vhdi_def_traverse_variable')
ANF: vhdi_def_get_module_id_by_vhpi('./simv: undefined symbol: vhdi_def_get_module_id_by_vhpi')
ANF: vhdi_def_get_handle_by_module_id('./simv: undefined symbol: vhdi_def_get_handle_by_module_id')
ANF: vhdi_def_get_variable_info_by_vhpi('./simv: undefined symbol: vhdi_def_get_variable_info_by_vhpi')
ANF: vhdi_def_free('./simv: undefined symbol: vhdi_def_free')
ANF: vhdi_ist_traverse_scope('./simv: undefined symbol: vhdi_ist_traverse_scope')
ANF: vhdi_ist_traverse_variable('./simv: undefined symbol: vhdi_ist_traverse_variable')
ANF: vhdi_ist_convert_by_vhpi('./simv: undefined symbol: vhdi_ist_convert_by_vhpi')
ANF: vhdi_ist_clone('./simv: undefined symbol: vhdi_ist_clone')
ANF: vhdi_ist_free('./simv: undefined symbol: vhdi_ist_free')
ANF: vhdi_ist_hash_key('./simv: undefined symbol: vhdi_ist_hash_key')
ANF: vhdi_ist_compare('./simv: undefined symbol: vhdi_ist_compare')
ANF: vhdi_ist_get_value_addr('./simv: undefined symbol: vhdi_ist_get_value_addr')
ANF: vhdi_set_scsd_callback('./simv: undefined symbol: vhdi_set_scsd_callback')
ANF: vhdi_cbk_set_force_callback('./simv: undefined symbol: vhdi_cbk_set_force_callback')
ANF: vhdi_trigger_init_force('./simv: undefined symbol: vhdi_trigger_init_force')
ANF: vhdi_ist_check_scsd_callback('./simv: undefined symbol: vhdi_ist_check_scsd_callback')
ANF: vhdi_ist_add_scsd_callback('./simv: undefined symbol: vhdi_ist_add_scsd_callback')
ANF: vhdi_ist_remove_scsd_callback('./simv: undefined symbol: vhdi_ist_remove_scsd_callback')
ANF: vhdi_ist_get_scsd_user_data('./simv: undefined symbol: vhdi_ist_get_scsd_user_data')
ANF: vhdi_add_time_change_callback('./simv: undefined symbol: vhdi_add_time_change_callback')
ANF: vhdi_get_real_value_by_value_addr('./simv: undefined symbol: vhdi_get_real_value_by_value_addr')
ANF: vhdi_get_64_value_by_value_addr('./simv: undefined symbol: vhdi_get_64_value_by_value_addr')
ANF: vhdi_xprop_inst_is_promoted('./simv: undefined symbol: vhdi_xprop_inst_is_promoted')
ANF: vdi_ist_convert_by_vhdi('./simv: undefined symbol: vdi_ist_convert_by_vhdi')
ANF: vhdi_ist_get_module_id('./simv: undefined symbol: vhdi_ist_get_module_id')
ANF: vhdi_refine_foreign_scope_type('./simv: undefined symbol: vhdi_refine_foreign_scope_type')
ANF: vhdi_flush_callback('./simv: undefined symbol: vhdi_flush_callback')
ANF: vhdi_set_orig_name('./simv: undefined symbol: vhdi_set_orig_name')
ANF: vhdi_set_dump_pt('./simv: undefined symbol: vhdi_set_dump_pt')
ANF: vhdi_get_fsdb_option('./simv: undefined symbol: vhdi_get_fsdb_option')
ANF: vhdi_fgp_get_mode('./simv: undefined symbol: vhdi_fgp_get_mode')
ANF: vhdi_node_register_composite_var('./simv: undefined symbol: vhdi_node_register_composite_var')
ANF: vhdi_node_analysis('./simv: undefined symbol: vhdi_node_analysis')
ANF: vhdi_node_id('./simv: undefined symbol: vhdi_node_id')
ANF: vhdi_node_ist_check_scsd_callback('./simv: undefined symbol: vhdi_node_ist_check_scsd_callback')
ANF: vhdi_node_ist_add_scsd_callback('./simv: undefined symbol: vhdi_node_ist_add_scsd_callback')
ANF: vhdi_node_ist_get_value_addr('./simv: undefined symbol: vhdi_node_ist_get_value_addr')
VCS compile option:
 option[0]: ./simv
 option[1]: -l
 option[2]: sim.log
 option[3]: +UVM_VERDI_TRACE=UVM_AWARE+HIER+RAL+COMPWAVE
 option[4]: +UVM_TESTNAME=my_case0
 option[5]: /home/synopsys/vcs-mx/O-2018.09-1/linux64/bin/vcs1
 option[6]: -Mcc=gcc
 option[7]: -Mcplusplus=g++
 option[8]: -Masflags=
 option[9]: -Mcfl= -pipe -DVCSMX -DUVM_DPI_DO_TYPE_CHECK -fPIC -O -I/home/synopsys/vcs-mx/O-2018.09-1/include 
 option[10]: -Mxcflags= -pipe -DVCSMX -DUVM_DPI_DO_TYPE_CHECK -fPIC -I/home/synopsys/vcs-mx/O-2018.09-1/include
 option[11]: -Mldflags= -rdynamic 
 option[12]: -Mout=simv
 option[13]: -Mamsrun=
 option[14]: -Mvcsaceobjs=
 option[15]: -Mobjects= /home/synopsys/vcs-mx/O-2018.09-1/linux64/lib/libvirsim.so /home/synopsys/vcs-mx/O-2018.09-1/linux64/lib/liberrorinf.so /home/synopsys/vcs-mx/O-2018.09-1/linux64/lib/libsnpsmalloc.so /home/synopsys/vcs-mx/O-2018.09-1/linux64/lib/libvfs.so /home/synopsys/verdi/Verdi_O-2018.09-SP2/share/PLI/VCS/LINUX64/pli.a 
 option[16]: -Mexternalobj=
 option[17]: -Msaverestoreobj=/home/synopsys/vcs-mx/O-2018.09-1/linux64/lib/vcs_save_restore_new.o
 option[18]: -Mcrt0=
 option[19]: -Mcrtn=
 option[20]: -Mcsrc=/home/synopsys/vcs-mx/O-2018.09-1/etc/uvm-1.2/dpi/uvm_dpi.cc /home/synopsys/vcs-mx/O-2018.09-1/etc/uvm-1.2/verdi/dpi/uvm_verdi_dpi.cpp 
 option[21]: -Msyslibs=/home/synopsys/verdi/Verdi_O-2018.09-SP2/share/PLI/VCS/LINUX64/pli.a -ldl -lm 
 option[22]: -l
 option[23]: cmp.log
 option[24]: +define+UVM_VERDI_VIF_RECORD
 option[25]: +define+UVM_VCS_RECORD
 option[26]: +incdir+/home/synopsys/vcs-mx/O-2018.09-1/etc/uvm-1.2/vcs
 option[27]: /home/synopsys/vcs-mx/O-2018.09-1/etc/uvm-1.2/uvm_pkg.sv
 option[28]: /home/synopsys/vcs-mx/O-2018.09-1/etc/uvm-1.2/vcs/uvm_custom_install_vcs_recorder.sv
 option[29]: +incdir+/home/synopsys/vcs-mx/O-2018.09-1/etc/uvm-1.2/verdi
 option[30]: /home/synopsys/vcs-mx/O-2018.09-1/etc/uvm-1.2/verdi/uvm_custom_install_verdi_recorder.sv
 option[31]: -full64
 option[32]: -ntb_opts
 option[33]: uvm-1.2
 option[34]: +incdir+/home/synopsys/vcs-mx/O-2018.09-1/etc/uvm-1.2/
 option[35]: -q
 option[36]: -o
 option[37]: simv
 option[38]: -debug_access+all
 option[39]: +vpi
 option[40]: +vcsd1
 option[41]: +itf+/home/synopsys/vcs-mx/O-2018.09-1/linux64/lib/vcsdp_lite.tab
 option[42]: -kdb
 option[43]: -Xufe=2steps
 option[44]: -lca
 option[45]: -timescale=1ns/1ps
 option[46]: -P
 option[47]: /home/synopsys/verdi/Verdi_O-2018.09-SP2/share/PLI/VCS/LINUX64/novas.tab
 option[48]: -picarchive
 option[49]: -P
 option[50]: /home/synopsys/verdi/Verdi_O-2018.09-SP2/share/PLI/VCS/LINUX64/verdi.tab
 option[51]: -fsdb
 option[52]: -sverilog
 option[53]: -gen_obj
 option[54]: top_tb.sv
 option[55]: +incdir+./
 option[56]: +incdir+../dut
 option[57]: -load
 option[58]: /home/synopsys/verdi/Verdi_O-2018.09-SP2/share/PLI/VCS/LINUX64/libnovas.so:FSDBDumpCmd
 option[59]: timescale=1ns/1ps
Chronologic Simulation VCS Release O-2018.09-1_Full64
Linux 3.10.0-1160.119.1.el7.x86_64 #1 SMP Tue Jun 4 14:43:51 UTC 2024 x86_64
CPU cores: 16
Limit information:
======================================
cputime		unlimited
filesize		unlimited
datasize		unlimited
stacksize		8250 kbytes
coredumpsize		0 kbytes
memoryuse		unlimited
vmemoryuse		unlimited
descriptors		4096
memorylocked		64 kbytes
maxproc		4096
======================================
(Special)Runtime environment variables:

Runtime environment variables:
DESKTOP_SESSION=gnome-classic
XDG_SESSION_TYPE=x11
MGC_CALIBRE_SCHEMATIC_SERVER=IC_EDA:9199
SIM_TOOL=VCS
XAUTHORITY=/run/gdm/auth-for-ICer-xolphH/database
GDMSESSION=gnome-classic
XMODIFIERS=@im=ibus
SHELL=/bin/bash
GDM_LANG=zh_CN.UTF-8
VTE_VERSION=5204
_=/usr/local/bin/make
SPECMAN_DIR=/home/cadence/INCISIVE152/components/sn/
HISTCONTROL=ignoredups
SNPSLMD_LICENSE_FILE=27000@IC_EDA
USERNAME=ICer
DVE_HOME=/home/synopsys/vcs-mx/O-2018.09-1
XDG_DATA_DIRS=/home/ICer/.local/share/flatpak/exports/share/:/var/lib/flatpak/exports/share/:/usr/local/share/:/usr/share/
QT_PLUGIN_PATH=/usr/lib64/kde4/plugins:/usr/lib/kde4/plugins
LESSOPEN=||/usr/bin/lesspipe.sh %s
QUESTASIM_HOME=/home/mentor/questasim
PATH=/home/ICer/ic_prjs/example_uvm/puvm/bin:/home/ICer/ic_prjs/example_uvm/puvm/bin:/home/ICer/.cache/activestate/bin:/home/ICer/.local/ActiveState/StateTool/release/bin:/home/Xilinx/SDK/2019.1/bin:/home/Xilinx/SDK/2019.1/gnu/microblaze/lin/bin:/home/Xilinx/SDK/2019.1/gnu/arm/lin/bin:/home/Xilinx/SDK/2019.1/gnu/microblaze/linux_toolchain/lin64_le/bin:/home/Xilinx/SDK/2019.1/gnu/aarch32/lin/gcc-arm-linux-gnueabi/bin:/home/Xilinx/SDK/2019.1/gnu/aarch32/lin/gcc-arm-none-eabi/bin:/home/Xilinx/SDK/2019.1/gnu/aarch64/lin/aarch64-linux/bin:/home/Xilinx/SDK/2019.1/gnu/aarch64/lin/aarch64-none/bin:/home/Xilinx/SDK/2019.1/gnu/armr5/lin/gcc-arm-none-eabi/bin:/home/Xilinx/SDK/2019.1/tps/lnx64/cmake-3.3.2/bin:/home/Xilinx/Vivado/2019.1/bin:/home/Xilinx/DocNav:/usr/lib/qt-3.3/bin:/usr/local/bin:/usr/local/sbin:/usr/bin:/usr/sbin:/bin:/sbin:/home/synopsys/fpga/N-2018.03-SP1/bin:/home/synopsys/pts/O-2018.06-SP1/bin:/home/synopsys/icc2/O-2018.06-SP1/bin:/home/synopsys/syn/O-2018.06-SP1/bin:/home/synopsys/lc/O-2018.06-SP1/bin:/home/synopsys/SpyGlass-L2016.06/SPYGLASS_HOME//bin:/home/synopsys/vcs-mx/O-2018.09-1/gui/dve/bin:/home/synopsys/vcs-mx/O-2018.09-1/bin:/home/synopsys/verdi/Verdi_O-2018.09-SP2/bin:/home/synopsys/scl/2018.06/linux64/bin::/home/cadence/IC617/tools/dfII/bin:/home/cadence/IC617/tools/plot/bin:/home/cadence/INCISIVE152/tools/bin:/home/cadence/MMSIM151/bin:/home/cadence/MMSIM151/tools/relxpert/bin:/home/cadence/INCISIVE152/bin:/home/cadence/INCISIVE152/tools.lnx86/bin:/home/cadence/INCISIVE152/tools.lnx86/dfII/bin:/home/mentor/questasim/linux_x86_64:/home/Riscv_Tools/bin:/home/Riscv_Tools/riscv-gnu-toolchain/qemu-6.0.0/build/riscv32-linux-user:/home/ICer/idea/idea-IC-241.18034.62/bin
PT_HOME=/home/synopsys/pts/O-2018.06-SP1
XILINX_VIVADO=/home/Xilinx/Vivado/2019.1
QT_GRAPHICSSYSTEM_CHECKED=1
LSCOLORS=gxfxcxdxbxegedabagacad
SESSION_MANAGER=local/unix:@/tmp/.ICE-unix/3347,unix/unix:/tmp/.ICE-unix/3347
XDG_RUNTIME_DIR=/run/user/1000
XDG_MENU_PREFIX=gnome-
LC_NUMERIC=zh_CN.UTF-8
SYNPLIFY_HOME=/home/synopsys/fpga/N-2018.03-SP1
LS_COLORS=rs=0:di=38;5;27:ln=38;5;51:mh=44;38;5;15:pi=40;38;5;11:so=38;5;13:do=38;5;5:bd=48;5;232;38;5;11:cd=48;5;232;38;5;3:or=48;5;232;38;5;9:mi=05;48;5;232;38;5;15:su=48;5;196;38;5;15:sg=48;5;11;38;5;16:ca=48;5;196;38;5;226:tw=48;5;10;38;5;16:ow=48;5;10;38;5;21:st=48;5;21;38;5;15:ex=38;5;34:*.tar=38;5;9:*.tgz=38;5;9:*.arc=38;5;9:*.arj=38;5;9:*.taz=38;5;9:*.lha=38;5;9:*.lz4=38;5;9:*.lzh=38;5;9:*.lzma=38;5;9:*.tlz=38;5;9:*.txz=38;5;9:*.tzo=38;5;9:*.t7z=38;5;9:*.zip=38;5;9:*.z=38;5;9:*.Z=38;5;9:*.dz=38;5;9:*.gz=38;5;9:*.lrz=38;5;9:*.lz=38;5;9:*.lzo=38;5;9:*.xz=38;5;9:*.bz2=38;5;9:*.bz=38;5;9:*.tbz=38;5;9:*.tbz2=38;5;9:*.tz=38;5;9:*.deb=38;5;9:*.rpm=38;5;9:*.jar=38;5;9:*.war=38;5;9:*.ear=38;5;9:*.sar=38;5;9:*.rar=38;5;9:*.alz=38;5;9:*.ace=38;5;9:*.zoo=38;5;9:*.cpio=38;5;9:*.7z=38;5;9:*.rz=38;5;9:*.cab=38;5;9:*.jpg=38;5;13:*.jpeg=38;5;13:*.gif=38;5;13:*.bmp=38;5;13:*.pbm=38;5;13:*.pgm=38;5;13:*.ppm=38;5;13:*.tga=38;5;13:*.xbm=38;5;13:*.xpm=38;5;13:*.tif=38;5;13:*.tiff=38;5;13:*.png=38;5;13:*.svg=38;5;13:*.svgz=38;5;13:*.mng=38;5;13:*.pcx=38;5;13:*.mov=38;5;13:*.mpg=38;5;13:*.mpeg=38;5;13:*.m2v=38;5;13:*.mkv=38;5;13:*.webm=38;5;13:*.ogm=38;5;13:*.mp4=38;5;13:*.m4v=38;5;13:*.mp4v=38;5;13:*.vob=38;5;13:*.qt=38;5;13:*.nuv=38;5;13:*.wmv=38;5;13:*.asf=38;5;13:*.rm=38;5;13:*.rmvb=38;5;13:*.flc=38;5;13:*.avi=38;5;13:*.fli=38;5;13:*.flv=38;5;13:*.gl=38;5;13:*.dl=38;5;13:*.xcf=38;5;13:*.xwd=38;5;13:*.yuv=38;5;13:*.cgm=38;5;13:*.emf=38;5;13:*.axv=38;5;13:*.anx=38;5;13:*.ogv=38;5;13:*.ogx=38;5;13:*.aac=38;5;45:*.au=38;5;45:*.flac=38;5;45:*.mid=38;5;45:*.midi=38;5;45:*.mka=38;5;45:*.mp3=38;5;45:*.mpc=38;5;45:*.ogg=38;5;45:*.ra=38;5;45:*.wav=38;5;45:*.axa=38;5;45:*.oga=38;5;45:*.spx=38;5;45:*.xspf=38;5;45:
MGC_CALIBRE_LAYOUT_SERVER=IC_EDA:9189
XDG_SESSION_DESKTOP=gnome-classic
SSH_AUTH_SOCK=/run/user/1000/keyring/ssh
KDEDIRS=/usr
DISPLAY=:0
MGC_HOME=/home/mentor/
IMSETTINGS_INTEGRATE_DESKTOP=yes
HOME=/home/ICer
VCS_HOME=/home/synopsys/vcs-mx/O-2018.09-1
PWD=/home/ICer/ic_prjs/uvm/ch6/section6.5/6.5.1
MGC_LICENSE_FILE=/home/mentor//license/license.dat
XDG_SEAT=seat0
SSH_AGENT_PID=3552
CALIBRE_HOME=/home/mentor//Calibre2015/aoi_cal_2015.2_36.27
VERDI_HOME=/home/synopsys/verdi/Verdi_O-2018.09-SP2
MGLS_LICENSE_FILE=/home/mentor/questasim/mentor.dat
DBUS_SESSION_BUS_ADDRESS=unix:abstract=/tmp/dbus-WNjdjzFWSg,guid=4ea6ee5db2adce76082dd4b966c05a26
LD_LIBRARY_PATH=:/home/synopsys/verdi/Verdi_O-2018.09-SP2/share/PLI/lib/LINUX64:/home/synopsys/verdi/Verdi_O-2018.09-SP2/share/PLI/IUS/LINUX64/boot:/home/cadence/INCISIVE152/tools.lnx86/lib
RISCV=/home/Riscv_Tools
SPECMAN_HOME=/home/cadence/INCISIVE152/components/sn
LOGNAME=ICer
CDS_LIC_FILE=/home/cadence/license/cadence.dat
WORK_HOME=/home/ICer/ic_prjs/example_uvm/puvm
GNOME_DESKTOP_SESSION_ID=this-is-deprecated
UVM_HOME=/home/synopsys/vcs-mx/O-2018.09-1/etc/uvm-1.2
HOSTNAME=IC_EDA
XDG_VTNR=1
COLORTERM=truecolor
QT_IM_MODULE=ibus
VCS_ARCH_OVERRIDE=linux
SHLVL=2
ICC2_HOME=/home/synopsys/icc2/O-2018.06-SP1
GNOME_SHELL_SESSION_MODE=classic
XDG_SESSION_ID=1
USER=ICer
LC_MONETARY=zh_CN.UTF-8
QTLIB=/usr/lib/qt-3.3/lib
XDG_CURRENT_DESKTOP=GNOME-Classic:GNOME
INCISIVE_HOME=/home/cadence/INCISIVE152
OLDPWD=/home/ICer/ic_prjs/uvm/ch6/section6.5
IMSETTINGS_MODULE=none
MAKEFLAGS=
MFLAGS=
MAIL=/var/spool/mail/ICer
SPYGLASS_HOME=/home/synopsys/SpyGlass-L2016.06/SPYGLASS_HOME/
MAKE_TERMOUT=/dev/pts/4
DC_HOME=/home/synopsys/syn/O-2018.06-SP1
LC_PAPER=zh_CN.UTF-8
CADHOME=/home/cadence
CDSHOME=/home/cadence/IC617
LC_HOME=/home/synopsys/lc/O-2018.06-SP1
MMSIMHOME=/home/cadence/MMSIM151
PS1=\[\033[01;32m\]\u@\h\[\033[00m\]:\[\033[01;36m\]\w\[\033[01;31m\]$(git_status)\[\033[0m\]\$ 
LC_MEASUREMENT=zh_CN.UTF-8
SCL_HOME=/home/synopsys/scl/2018.06
GNOME_TERMINAL_SCREEN=/org/gnome/Terminal/screen/2ab7e1d0_5360_4d2f_9d69_f0673a6b2d6e
GNOME_TERMINAL_SERVICE=:1.105
HISTSIZE=1000
QEMU_HOME=/home/Riscv_Tools/riscv-gnu-toolchain/qemu-6.0.0
WINDOWPATH=1
LC_TIME=zh_CN.UTF-8
QTINC=/usr/lib/qt-3.3/include
QTDIR=/usr/lib/qt-3.3
MAKE_TERMERR=/dev/pts/4
CLICOLOR=1
LANG=zh_CN.UTF-8
TERM=xterm-256color
MAKELEVEL=1
VCS_HEAP_EXEC=true
VCS_PATHMAP_PRELOAD_DONE=1
VCS_STACK_EXEC=true
VCS_EXEC_DONE=1
LC_ALL=C
DVE=/home/synopsys/vcs-mx/O-2018.09-1/gui/dve
SPECMAN_OUTPUT_TO_TTY=1
Runtime command line arguments:
argv[0]=./simv
argv[1]=-l
argv[2]=sim.log
argv[3]=+UVM_VERDI_TRACE=UVM_AWARE+HIER+RAL+COMPWAVE
argv[4]=+UVM_TESTNAME=my_case0
303 profile - 100
          CPU/Mem usage: 0.050 sys,  0.240 user,  280.10M mem
304 Tue Aug 20 16:56:05 2024
305 pliAppInit
306 FSDB_GATE is set.
307 FSDB_RTL is set.
308 Enable Parallel Dumping.
309 pliAppMiscSet: New Sim Round
310 pliEntryInit
311 LIBSSCORE=found /home/synopsys/verdi/Verdi_O-2018.09-SP2/share/PLI/lib/LINUXAMD64/libsscore_vcs201809.so through $NOVAS_HOME setting.
312 FSDB Dumper for VCS, Release Verdi_O-2018.09-SP2, Linux x86_64/64bit, 02/21/2019
313 (C) 1996 - 2019 by Synopsys, Inc.
314 sps_call_fsdbDumpClassObjectByFile at 0 : /home/synopsys/vcs-mx/O-2018.09-1/etc/uvm-1.2/verdi/uvm_verdi_pli.svh(538)
315 argv[0]: (handle) uvm_custom_install_verdi_recording.\uvm_verdi_pli::dump_comp_object_by_file .st_file_name
316 *Verdi* : Create FSDB file 'novas.fsdb'
317 compile option from '/home/ICer/ic_prjs/uvm/ch6/section6.5/6.5.1/simv.daidir/vcs_rebuild'.
318   "vcs '-full64' '-sverilog' '-ntb_opts' 'uvm-1.2' '-q' 'top_tb.sv' '-l' 'cmp.log' '-o' 'simv' '-debug_access+all' '-kdb' '-lca' '-timescale=1ns/1ps' '-P' '/home/synopsys/verdi/Verdi_O-2018.09-SP2/share/PLI/VCS/LINUX64/novas.tab' '/home/synopsys/verdi/Verdi_O-2018.09-SP2/share/PLI/VCS/LINUX64/pli.a' '+incdir+./' '+incdir+../dut' 2>&1"
319 *Verdi* : Begin dumping the Class Object by file (/home/synopsys/vcs-mx/O-2018.09-1/etc/uvm-1.2/verdi/component.config).
320 *Verdi* : End of class object dumping.
321 End of simulation at 2294000000
322 Tue Aug 20 16:56:06 2024
323 Begin FSDB profile info:
324 FSDB Writer : bc1(173) bcn(10283) mtf/stf(0/0)
FSDB Writer elapsed time : flush(0.014980) io wait(0.000000) theadpool wait(0.000000) target functin(0.000000)
FSDB Writer cpu time : MT Compression : 0
325 End FSDB profile info
326 Parallel profile    -  Flush:4 Expand:0 ProduceWait:0 ConsumerWait:0 BlockUsed:0
327                        ProduceTime:1.140330319 ConsumerTime:0.000000000 Buffer:64MB
328 SimExit
329 Sim process exit
