Command: /home/ICer/ic_prjs/uvm/ch6/section6.5/6.5.1/./simv -l sim.log +UVM_VERDI_TRACE=UVM_AWARE+HIER+RAL+COMPWAVE +UVM_TESTNAME=my_case0
Chronologic VCS simulator copyright 1991-2018
Contains Synopsys proprietary information.
Compiler version O-2018.09-1_Full64; Runtime version O-2018.09-1_Full64;  Aug 20 16:56 2024
UVM_INFO /home/synopsys/vcs-mx/O-2018.09-1/etc/uvm-1.2/base/uvm_root.svh(402) @ 0: reporter [UVM/RELNOTES] 
----------------------------------------------------------------
UVM-1.2.Synopsys
(C) 2007-2014 Mentor Graphics Corporation
(C) 2007-2014 Cadence Design Systems, Inc.
(C) 2006-2014 Synopsys, Inc.
(C) 2011-2013 Cypress Semiconductor Corp.
(C) 2013-2014 NVIDIA Corporation
----------------------------------------------------------------

  ***********       IMPORTANT RELEASE NOTES         ************

  You are using a version of the UVM library that has been compiled
  with `UVM_NO_DEPRECATED undefined.
  See http://www.eda.org/svdb/view.php?id=3313 for more details.

  You are using a version of the UVM library that has been compiled
  with `UVM_OBJECT_DO_NOT_NEED_CONSTRUCTOR undefined.
  See http://www.eda.org/svdb/view.php?id=3770 for more details.

      (Specify +UVM_NO_RELNOTES to turn off this notice)

*Verdi* Enable Verdi Message Catcher.
*Verdi* Loading libsscore_vcs201809.so
FSDB Dumper for VCS, Release Verdi_O-2018.09-SP2, Linux x86_64/64bit, 02/21/2019
(C) 1996 - 2019 by Synopsys, Inc.
*Verdi* : Create FSDB file 'novas.fsdb'
*Verdi* : Begin dumping the Class Object by file (/home/synopsys/vcs-mx/O-2018.09-1/etc/uvm-1.2/verdi/component.config).
*Verdi* : End of class object dumping.
*Verdi* Enable Verdi Factory Dumping.
UVM_INFO @ 0: reporter [RNTST] Running test my_case0...
UVM_INFO my_case0.sv(18) @ 250900000: uvm_test_top.env0.i_agt.sqr@@case0_sequence [sequence0] send one transaction
UVM_INFO my_scoreboard.sv(40) @ 251300000: uvm_test_top.env0.scb [my_scoreboard] Compare SUCCESSFULLY
UVM_INFO my_case0.sv(18) @ 291900000: uvm_test_top.env1.i_agt.sqr@@case0_sequence [sequence0] send one transaction
UVM_INFO my_scoreboard.sv(40) @ 292300000: uvm_test_top.env1.scb [my_scoreboard] Compare SUCCESSFULLY
UVM_INFO my_case0.sv(18) @ 333900000: uvm_test_top.env1.i_agt.sqr@@case0_sequence [sequence0] send one transaction
UVM_INFO my_scoreboard.sv(40) @ 334300000: uvm_test_top.env1.scb [my_scoreboard] Compare SUCCESSFULLY
UVM_INFO my_case0.sv(18) @ 484900000: uvm_test_top.env1.i_agt.sqr@@case0_sequence [sequence0] send one transaction
UVM_INFO my_scoreboard.sv(40) @ 485300000: uvm_test_top.env1.scb [my_scoreboard] Compare SUCCESSFULLY
UVM_INFO my_case0.sv(18) @ 504700000: uvm_test_top.env0.i_agt.sqr@@case0_sequence [sequence0] send one transaction
UVM_INFO my_scoreboard.sv(40) @ 505100000: uvm_test_top.env0.scb [my_scoreboard] Compare SUCCESSFULLY
UVM_INFO my_case0.sv(18) @ 517100000: uvm_test_top.env1.i_agt.sqr@@case0_sequence [sequence0] send one transaction
UVM_INFO my_scoreboard.sv(40) @ 517500000: uvm_test_top.env1.scb [my_scoreboard] Compare SUCCESSFULLY
UVM_INFO my_case0.sv(18) @ 699300000: uvm_test_top.env0.i_agt.sqr@@case0_sequence [sequence0] send one transaction
UVM_INFO my_scoreboard.sv(40) @ 699700000: uvm_test_top.env0.scb [my_scoreboard] Compare SUCCESSFULLY
UVM_INFO my_case0.sv(18) @ 713100000: uvm_test_top.env1.i_agt.sqr@@case0_sequence [sequence0] send one transaction
UVM_INFO my_scoreboard.sv(40) @ 713500000: uvm_test_top.env1.scb [my_scoreboard] Compare SUCCESSFULLY
UVM_INFO my_case0.sv(18) @ 895300000: uvm_test_top.env0.i_agt.sqr@@case0_sequence [sequence0] send one transaction
UVM_INFO my_scoreboard.sv(40) @ 895700000: uvm_test_top.env0.scb [my_scoreboard] Compare SUCCESSFULLY
UVM_INFO my_case0.sv(18) @ 942900000: uvm_test_top.env1.i_agt.sqr@@case0_sequence [sequence0] send one transaction
UVM_INFO my_scoreboard.sv(40) @ 943300000: uvm_test_top.env1.scb [my_scoreboard] Compare SUCCESSFULLY
UVM_INFO my_case0.sv(18) @ 975100000: uvm_test_top.env1.i_agt.sqr@@case0_sequence [sequence0] send one transaction
UVM_INFO my_scoreboard.sv(40) @ 975500000: uvm_test_top.env1.scb [my_scoreboard] Compare SUCCESSFULLY
UVM_INFO my_case0.sv(18) @ 978700000: uvm_test_top.env0.i_agt.sqr@@case0_sequence [sequence0] send one transaction
UVM_INFO my_scoreboard.sv(40) @ 979100000: uvm_test_top.env0.scb [my_scoreboard] Compare SUCCESSFULLY
UVM_INFO my_case0.sv(18) @ 1251900000: uvm_test_top.env1.i_agt.sqr@@case0_sequence [sequence0] send one transaction
UVM_INFO my_scoreboard.sv(40) @ 1252300000: uvm_test_top.env1.scb [my_scoreboard] Compare SUCCESSFULLY
UVM_INFO my_case0.sv(18) @ 1263100000: uvm_test_top.env0.i_agt.sqr@@case0_sequence [sequence0] send one transaction
UVM_INFO my_scoreboard.sv(40) @ 1263500000: uvm_test_top.env0.scb [my_scoreboard] Compare SUCCESSFULLY
UVM_INFO my_case0.sv(18) @ 1280500000: uvm_test_top.env1.i_agt.sqr@@case0_sequence [sequence0] send one transaction
UVM_INFO my_scoreboard.sv(40) @ 1280900000: uvm_test_top.env1.scb [my_scoreboard] Compare SUCCESSFULLY
UVM_INFO my_case0.sv(18) @ 1445100000: uvm_test_top.env1.i_agt.sqr@@case0_sequence [sequence0] send one transaction
UVM_INFO my_scoreboard.sv(40) @ 1445500000: uvm_test_top.env1.scb [my_scoreboard] Compare SUCCESSFULLY
UVM_INFO my_case0.sv(18) @ 1482900000: uvm_test_top.env0.i_agt.sqr@@case0_sequence [sequence0] send one transaction
UVM_INFO my_scoreboard.sv(40) @ 1483300000: uvm_test_top.env0.scb [my_scoreboard] Compare SUCCESSFULLY
UVM_INFO my_case0.sv(18) @ 1783700000: uvm_test_top.env0.i_agt.sqr@@case0_sequence [sequence0] send one transaction
UVM_INFO my_scoreboard.sv(40) @ 1784100000: uvm_test_top.env0.scb [my_scoreboard] Compare SUCCESSFULLY
UVM_INFO my_case0.sv(18) @ 1993100000: uvm_test_top.env0.i_agt.sqr@@case0_sequence [sequence0] send one transaction
UVM_INFO my_scoreboard.sv(40) @ 1993500000: uvm_test_top.env0.scb [my_scoreboard] Compare SUCCESSFULLY
UVM_INFO my_case0.sv(18) @ 2293900000: uvm_test_top.env0.i_agt.sqr@@case0_sequence [sequence0] send one transaction
TEST CASE PASSED
UVM_INFO /home/synopsys/vcs-mx/O-2018.09-1/etc/uvm-1.2/base/uvm_report_catcher.svh(705) @ 2294000000: reporter [UVM/REPORT/CATCHER] 
--- UVM Report catcher Summary ---


Number of demoted UVM_FATAL reports  :    0
Number of demoted UVM_ERROR reports  :    0
Number of demoted UVM_WARNING reports:    0
Number of caught UVM_FATAL reports   :    0
Number of caught UVM_ERROR reports   :    0
Number of caught UVM_WARNING reports :    0

UVM_INFO /home/synopsys/vcs-mx/O-2018.09-1/etc/uvm-1.2/base/uvm_report_server.svh(894) @ 2294000000: reporter [UVM/REPORT/SERVER] 
--- UVM Report Summary ---

** Report counts by severity
UVM_INFO :   42
UVM_WARNING :    0
UVM_ERROR :    0
UVM_FATAL :    0
** Report counts by id
[RNTST]     1
[UVM/RELNOTES]     1
[UVM/REPORT/CATCHER]     1
[my_scoreboard]    19
[sequence0]    20

$finish called from file "/home/synopsys/vcs-mx/O-2018.09-1/etc/uvm-1.2/base/uvm_root.svh", line 527.
$finish at simulation time           2294000000
           V C S   S i m u l a t i o n   R e p o r t 
Time: 2294000000 ps
CPU Time:      1.130 seconds;       Data structure size:   0.6Mb
Tue Aug 20 16:56:06 2024
