Command: /home/ICer/ic_prjs/uvm_zhangqiang/ch3/section3.5/3.5.5/sameLayerDiffComponent/./simv -l sim.log +UVM_VERDI_TRACE=UVM_AWARE+HIER+RAL+COMPWAVE +UVM_TESTNAME=my_case0
Chronologic VCS simulator copyright 1991-2018
Contains Synopsys proprietary information.
Compiler version O-2018.09-1_Full64; Runtime version O-2018.09-1_Full64;  Aug 22 11:00 2024
UVM_INFO /home/synopsys/vcs-mx/O-2018.09-1/etc/uvm-1.2/base/uvm_root.svh(402) @ 0: reporter [UVM/RELNOTES] 
----------------------------------------------------------------
UVM-1.2.Synopsys
(C) 2007-2014 Mentor Graphics Corporation
(C) 2007-2014 Cadence Design Systems, Inc.
(C) 2006-2014 Synopsys, Inc.
(C) 2011-2013 Cypress Semiconductor Corp.
(C) 2013-2014 NVIDIA Corporation
----------------------------------------------------------------

  ***********       IMPORTANT RELEASE NOTES         ************

  You are using a version of the UVM library that has been compiled
  with `UVM_NO_DEPRECATED undefined.
  See http://www.eda.org/svdb/view.php?id=3313 for more details.

  You are using a version of the UVM library that has been compiled
  with `UVM_OBJECT_DO_NOT_NEED_CONSTRUCTOR undefined.
  See http://www.eda.org/svdb/view.php?id=3770 for more details.

      (Specify +UVM_NO_RELNOTES to turn off this notice)

*Verdi* Enable Verdi Message Catcher.
*Verdi* Loading libsscore_vcs201809.so
FSDB Dumper for VCS, Release Verdi_O-2018.09-SP2, Linux x86_64/64bit, 02/21/2019
(C) 1996 - 2019 by Synopsys, Inc.
*Verdi* : Create FSDB file 'novas.fsdb'
*Verdi* : Begin dumping the Class Object by file (/home/synopsys/vcs-mx/O-2018.09-1/etc/uvm-1.2/verdi/component.config).
*Verdi* : End of class object dumping.
*Verdi* Enable Verdi Factory Dumping.
UVM_INFO @ 0: reporter [RNTST] Running test my_case0...
UVM_INFO my_agent.sv(33) @ 0: uvm_test_top.env.i_agt [my_agent] in my_agent, drv.pre_num is set to 200
UVM_INFO my_driver.sv(19) @ 0: uvm_test_top.env.i_agt.drv [my_driver] the pre_num is 100
UVM_INFO my_agent.sv(33) @ 0: uvm_test_top.env.o_agt [my_agent] in my_agent, drv.pre_num is set to 200
UVM_INFO my_scoreboard.sv(26) @ 0: uvm_test_top.env.scb [my_scoreboard] in my_scoreboard, env.i_agt.drv.pre_num is set to 100
TEST CASE PASSED
UVM_INFO /home/synopsys/vcs-mx/O-2018.09-1/etc/uvm-1.2/base/uvm_report_catcher.svh(705) @ 100000: reporter [UVM/REPORT/CATCHER] 
--- UVM Report catcher Summary ---


Number of demoted UVM_FATAL reports  :    0
Number of demoted UVM_ERROR reports  :    0
Number of demoted UVM_WARNING reports:    0
Number of caught UVM_FATAL reports   :    0
Number of caught UVM_ERROR reports   :    0
Number of caught UVM_WARNING reports :    0

UVM_INFO /home/synopsys/vcs-mx/O-2018.09-1/etc/uvm-1.2/base/uvm_report_server.svh(894) @ 100000: reporter [UVM/REPORT/SERVER] 
--- UVM Report Summary ---

** Report counts by severity
UVM_INFO :    7
UVM_WARNING :    0
UVM_ERROR :    0
UVM_FATAL :    0
** Report counts by id
[RNTST]     1
[UVM/RELNOTES]     1
[UVM/REPORT/CATCHER]     1
[my_agent]     2
[my_driver]     1
[my_scoreboard]     1

$finish called from file "/home/synopsys/vcs-mx/O-2018.09-1/etc/uvm-1.2/base/uvm_root.svh", line 527.
$finish at simulation time               100000
           V C S   S i m u l a t i o n   R e p o r t 
Time: 100000 ps
CPU Time:      0.980 seconds;       Data structure size:   0.5Mb
Thu Aug 22 11:00:07 2024
